current directory: /var/www/production.mashoptorg/shared/bundle/ruby/2.3.0/gems/mysql2-0.3.20/ext/mysql2
/usr/local/rvm/rubies/ruby-2.3.0/bin/ruby -r ./siteconf20170919-30013-15aass1.rb extconf.rb
checking for ruby/thread.h... yes
checking for rb_thread_call_without_gvl() in ruby/thread.h... yes
checking for rb_thread_blocking_region()... no
checking for rb_wait_for_single_fd()... yes
checking for rb_hash_dup()... yes
checking for rb_intern3()... yes
-----
Using mysql_config at /usr/bin/mysql_config
-----
checking for mysql.h... yes
checking for errmsg.h... yes
checking for mysqld_error.h... yes
-----
Setting libpath to /usr/lib/x86_64-linux-gnu
-----
creating Makefile

To see why this extension failed to compile, please check the mkmf.log which can be found here:

  /var/www/production.mashoptorg/shared/bundle/ruby/2.3.0/extensions/x86_64-linux/2.3.0/mysql2-0.3.20/mkmf.log

current directory: /var/www/production.mashoptorg/shared/bundle/ruby/2.3.0/gems/mysql2-0.3.20/ext/mysql2
make "DESTDIR=" clean

current directory: /var/www/production.mashoptorg/shared/bundle/ruby/2.3.0/gems/mysql2-0.3.20/ext/mysql2
make "DESTDIR="
compiling client.c
compiling infile.c
compiling result.c
result.c: In function ‘msec_char_to_uint’:
result.c:189:17: warning: comparison between signed and unsigned integer expressions [-Wsign-compare]
   for (i = 0; i < (len - 1); i++) {
                 ^
compiling mysql2_ext.c
linking shared-object mysql2/mysql2.so

current directory: /var/www/production.mashoptorg/shared/bundle/ruby/2.3.0/gems/mysql2-0.3.20/ext/mysql2
make "DESTDIR=" install
/usr/bin/install -m 0755 mysql2.so ./.gem.20170919-30013-1gnj4f1/mysql2
