current directory: /var/www/production.mashoptorg/shared/bundle/ruby/2.3.0/gems/unicorn-4.9.0/ext/unicorn_http
/usr/local/rvm/rubies/ruby-2.3.0/bin/ruby -r ./siteconf20170919-30013-1kox7kf.rb extconf.rb
checking for SIZEOF_OFF_T in ruby.h... yes
checking for SIZEOF_SIZE_T in ruby.h... yes
checking for SIZEOF_LONG in ruby.h... yes
checking for rb_str_set_len() in ruby.h... yes
checking for gmtime_r() in time.h... yes
creating Makefile

To see why this extension failed to compile, please check the mkmf.log which can be found here:

  /var/www/production.mashoptorg/shared/bundle/ruby/2.3.0/extensions/x86_64-linux/2.3.0/unicorn-4.9.0/mkmf.log

current directory: /var/www/production.mashoptorg/shared/bundle/ruby/2.3.0/gems/unicorn-4.9.0/ext/unicorn_http
make "DESTDIR=" clean

current directory: /var/www/production.mashoptorg/shared/bundle/ruby/2.3.0/gems/unicorn-4.9.0/ext/unicorn_http
make "DESTDIR="
compiling unicorn_http.c
compiling httpdate.c
linking shared-object unicorn_http.so

current directory: /var/www/production.mashoptorg/shared/bundle/ruby/2.3.0/gems/unicorn-4.9.0/ext/unicorn_http
make "DESTDIR=" install
/usr/bin/install -m 0755 unicorn_http.so ./.gem.20170919-30013-8jvd6s
