current directory: /var/www/production.mashoptorg/shared/bundle/ruby/2.3.0/gems/therubyracer-0.12.2/ext/v8
/usr/local/rvm/rubies/ruby-2.3.0/bin/ruby -r ./siteconf20170919-18017-ypqajb.rb extconf.rb
checking for main() in -lpthread... yes
creating Makefile

To see why this extension failed to compile, please check the mkmf.log which can be found here:

  /var/www/production.mashoptorg/shared/bundle/ruby/2.3.0/extensions/x86_64-linux/2.3.0/therubyracer-0.12.2/mkmf.log

current directory: /var/www/production.mashoptorg/shared/bundle/ruby/2.3.0/gems/therubyracer-0.12.2/ext/v8
make "DESTDIR=" clean

current directory: /var/www/production.mashoptorg/shared/bundle/ruby/2.3.0/gems/therubyracer-0.12.2/ext/v8
make "DESTDIR="
compiling init.cc
compiling external.cc
compiling message.cc
compiling trycatch.cc
compiling date.cc
compiling context.cc
compiling locker.cc
compiling primitive.cc
compiling stack.cc
compiling function.cc
compiling value.cc
compiling constants.cc
compiling rr.cc
compiling heap.cc
compiling string.cc
compiling accessor.cc
compiling handles.cc
compiling script.cc
compiling array.cc
compiling object.cc
compiling backref.cc
compiling constraints.cc
compiling signature.cc
compiling v8.cc
compiling gc.cc
compiling template.cc
compiling invocation.cc
compiling exception.cc
linking shared-object v8/init.so

current directory: /var/www/production.mashoptorg/shared/bundle/ruby/2.3.0/gems/therubyracer-0.12.2/ext/v8
make "DESTDIR=" install
/usr/bin/install -m 0755 init.so ./.gem.20170919-18017-18v49gk/v8
